Arguments: 
  /usr/local/bin/node /usr/local/bin/yarn add src/components/iconfont --silent --no-progress

PATH: 
  /usr/local/lib/node_modules/npm/node_modules/npm-lifecycle/node-gyp-bin:/Users/chenhailong/development/taro-icon/taro_icon/node_modules/.bin:/usr/local/lib/node_modules/npm/node_modules/npm-lifecycle/node-gyp-bin:/Users/chenhailong/development/taro-icon/taro_icon/node_modules/.bin:/Users/chenhailong/development/flutter/bin:/usr/local/bin:/usr/local/sbin:~/bin:/usr/local/bin:/usr/bin:/bin:/usr/sbin:/sbin:/Library/Java/JavaVirtualMachines/jdk1.8.0_144.jdk/Contents/Home:/Library/Java/JavaVirtualMachines/jdk1.8.0_144.jdk/Contents/Home:/Library/Java/JavaVirtualMachines/jdk1.8.0_144.jdk/Contents/Home/bin:/Users/chenhailong/Library/Android/sdk/tools:/Users/chenhailong/Library/Android/sdk/platform-tools:/Users/chenhailong/Library/Android/sdk/tools:/usr/local/mysql/bin:/usr/local/mongodb/bin

Yarn version: 
  1.22.4

Node version: 
  12.18.2

Platform: 
  darwin x64

Trace: 
  Error: https://registry.npm.taobao.org/src%2fcomponents/iconfont: Request "https://registry.npm.taobao.org/src%2fcomponents/iconfont" returned a 405
      at Request.params.callback [as _callback] (/usr/local/lib/node_modules/yarn/lib/cli.js:66996:18)
      at Request.self.callback (/usr/local/lib/node_modules/yarn/lib/cli.js:140748:22)
      at Request.emit (events.js:315:20)
      at Request.<anonymous> (/usr/local/lib/node_modules/yarn/lib/cli.js:141720:10)
      at Request.emit (events.js:315:20)
      at IncomingMessage.<anonymous> (/usr/local/lib/node_modules/yarn/lib/cli.js:141642:12)
      at Object.onceWrapper (events.js:421:28)
      at IncomingMessage.emit (events.js:327:22)
      at endReadableNT (_stream_readable.js:1221:12)
      at processTicksAndRejections (internal/process/task_queues.js:84:21)

npm manifest: 
  {
    "name": "taro_icon",
    "version": "1.0.0",
    "private": true,
    "description": "",
    "templateInfo": {
      "name": "default",
      "typescript": true,
      "css": "sass"
    },
    "scripts": {
      "build:weapp": "taro build --type weapp",
      "build:swan": "taro build --type swan",
      "build:alipay": "taro build --type alipay",
      "build:tt": "taro build --type tt",
      "build:h5": "taro build --type h5",
      "build:rn": "taro build --type rn",
      "build:qq": "taro build --type qq",
      "build:quickapp": "taro build --type quickapp",
      "dev:weapp": "npm run build:weapp -- --watch",
      "dev:swan": "npm run build:swan -- --watch",
      "dev:alipay": "npm run build:alipay -- --watch",
      "dev:tt": "npm run build:tt -- --watch",
      "dev:h5": "npm run build:h5 -- --watch",
      "dev:rn": "npm run build:rn -- --watch",
      "dev:qq": "npm run build:qq -- --watch",
      "dev:quickapp": "npm run build:quickapp -- --watch"
    },
    "author": "",
    "license": "MIT",
    "dependencies": {
      "@tarojs/components": "2.2.3",
      "@tarojs/components-qa": "2.2.3",
      "@tarojs/router": "2.2.3",
      "@tarojs/taro": "2.2.3",
      "@tarojs/taro-alipay": "2.2.3",
      "@tarojs/taro-h5": "2.2.3",
      "@tarojs/taro-qq": "2.2.3",
      "@tarojs/taro-quickapp": "2.2.3",
      "@tarojs/taro-swan": "2.2.3",
      "@tarojs/taro-tt": "2.2.3",
      "@tarojs/taro-weapp": "2.2.3",
      "@tarojs/taro-rn": "2.2.3",
      "babel-runtime": "^6.26.0",
      "regenerator-runtime": "0.11.1",
      "nervjs": "^1.5.5",
      "nerv-devtools": "^1.5.5"
    },
    "devDependencies": {
      "@tarojs/mini-runner": "2.2.3",
      "@tarojs/webpack-runner": "2.2.3",
      "@types/react": "^16.4.6",
      "@types/webpack-env": "^1.13.6",
      "@typescript-eslint/eslint-plugin": "^2.13.0",
      "@typescript-eslint/parser": "^2.13.0",
      "babel-eslint": "^8.2.3",
      "babel-plugin-transform-class-properties": "^6.24.1",
      "babel-plugin-transform-decorators-legacy": "^1.3.4",
      "babel-plugin-transform-jsx-stylesheet": "^0.6.5",
      "babel-plugin-transform-object-rest-spread": "^6.26.0",
      "babel-plugin-transform-runtime": "^6.23.0",
      "babel-preset-env": "^1.6.1",
      "eslint": "^5.16.0",
      "eslint-config-taro": "2.2.3",
      "eslint-plugin-import": "^2.12.0",
      "eslint-plugin-react": "^7.8.2",
      "eslint-plugin-react-hooks": "^1.6.1",
      "eslint-plugin-taro": "2.2.3",
      "stylelint": "9.3.0",
      "stylelint-config-taro-rn": "2.2.3",
      "stylelint-taro-rn": "2.2.3",
      "taro-iconfont-cli": "^2.1.0",
      "typescript": "^3.0.1"
    }
  }

yarn manifest: 
  No manifest

Lockfile: 
  No lockfile
